2026-02-18 23:25:35,783 - INFO - Configuração carregada com sucesso.
2026-02-18 23:25:35,784 - INFO - Iniciando carregamento dos dados...
2026-02-18 23:25:36,192 - INFO - Arquivo 'dados/carga.xlsx' carregado: 4 registros.
2026-02-18 23:25:36,199 - INFO - Arquivo 'dados/sistema.xlsx' carregado: 4 registros.
2026-02-18 23:25:36,200 - INFO - Iniciando validações configuradas...
2026-02-18 23:25:36,210 - INFO - Validação 'ComparaCPF': 0 registros não localizados.
2026-02-18 23:25:36,214 - INFO - Validação 'ComparaCPF_Nome': 0 registros não localizados.
2026-02-18 23:25:36,216 - INFO - Validação 'ComparaCPF_DtNasc': 0 registros não localizados.
2026-02-18 23:25:36,219 - INFO - Validação 'ComparaCPF_Sexo': 0 registros não localizados.
2026-02-18 23:25:36,221 - INFO - Validação 'ComparaCPF_Matricula': 0 registros não localizados.
2026-02-18 23:25:36,224 - INFO - Resultado Final ('Resultado'): 0 registros com divergência total.
2026-02-18 23:25:36,224 - INFO - Exportando resultados para 'analise.xlsx'...
2026-02-18 23:25:36,288 - INFO - Arquivo de análise exportado com sucesso.
2026-02-18 23:25:36,289 - INFO - Processamento finalizado.
2026-02-18 23:37:26,301 - INFO - Configuração carregada com sucesso.
2026-02-18 23:38:27,987 - INFO - Configuração carregada com sucesso.
2026-02-18 23:38:31,585 - INFO - Configuração carregada com sucesso.
2026-02-18 23:38:33,609 - INFO - Configuração carregada com sucesso.
2026-02-18 23:38:33,902 - INFO - Validação 'ComparaCPF': 0 registros não localizados.
2026-02-18 23:38:33,906 - INFO - Validação 'ComparaCPF_Nome': 0 registros não localizados.
2026-02-18 23:38:33,908 - INFO - Validação 'ComparaCPF_DtNasc': 0 registros não localizados.
2026-02-18 23:38:33,911 - INFO - Validação 'ComparaCPF_Sexo': 0 registros não localizados.
2026-02-18 23:38:33,914 - INFO - Validação 'ComparaCPF_Matricula': 0 registros não localizados.
2026-02-18 23:38:33,916 - INFO - Resultado Final ('Resultado'): 0 registros com divergência total.
2026-02-18 23:39:24,721 - INFO - Configuração carregada com sucesso.
2026-02-18 23:39:24,816 - INFO - Configuração carregada com sucesso.
2026-02-18 23:39:28,010 - INFO - Configuração carregada com sucesso.
2026-02-18 23:39:28,072 - INFO - Configuração carregada com sucesso.
2026-02-18 23:39:28,857 - INFO - Configuração carregada com sucesso.
2026-02-18 23:39:28,887 - INFO - Validação 'ComparaCPF': 0 registros não localizados.
2026-02-18 23:39:28,897 - INFO - Validação 'ComparaCPF_Nome': 1 registros não localizados.
2026-02-18 23:39:28,901 - INFO - Validação 'ComparaCPF_DtNasc': 0 registros não localizados.
2026-02-18 23:39:28,904 - INFO - Validação 'ComparaCPF_Sexo': 0 registros não localizados.
2026-02-18 23:39:28,910 - INFO - Validação 'ComparaCPF_Matricula': 0 registros não localizados.
2026-02-18 23:39:28,914 - INFO - Resultado Final ('Resultado'): 1 registros com divergência total.
2026-02-24 12:52:52,139 - INFO - Configuração carregada com sucesso.
2026-03-07 17:23:48,624 - INFO - Configuração carregada com sucesso.
2026-03-07 17:25:29,795 - INFO - Configuração carregada com sucesso.
2026-03-07 17:25:47,323 - INFO - Configuração carregada com sucesso.
2026-03-07 17:25:53,199 - INFO - Configuração carregada com sucesso.
2026-03-07 17:25:53,674 - INFO - Validação 'ComparaCPF': 0 registros não localizados.
2026-03-07 17:25:53,678 - INFO - Validação 'ComparaCPF_Nome': 1 registros não localizados.
2026-03-07 17:25:53,684 - INFO - Validação 'ComparaCPF_DtNasc': 0 registros não localizados.
2026-03-07 17:25:53,687 - INFO - Validação 'ComparaCPF_Sexo': 0 registros não localizados.
2026-03-07 17:25:53,690 - INFO - Validação 'ComparaCPF_Matricula': 0 registros não localizados.
2026-03-07 17:25:53,693 - INFO - Resultado Final ('Resultado'): 1 registros com divergência total.
2026-03-07 17:28:38,947 - INFO - Configuração carregada com sucesso.
2026-03-12 23:44:39,353 - INFO - Configuração carregada com sucesso.
2026-03-13 01:00:36,205 - INFO - Configuração carregada com sucesso.
2026-03-13 01:40:18,094 - INFO - Configuração carregada com sucesso.
2026-03-13 01:40:23,037 - INFO - Configuração carregada com sucesso.
2026-03-13 01:40:25,839 - INFO - Configuração carregada com sucesso.
2026-03-13 01:40:28,806 - INFO - Configuração carregada com sucesso.
2026-03-13 01:40:29,446 - INFO - Configuração carregada com sucesso.
2026-03-13 01:40:30,289 - INFO - Configuração carregada com sucesso.
2026-03-13 01:40:31,892 - INFO - Configuração carregada com sucesso.
2026-03-13 22:41:03,764 - INFO - Configuração carregada com sucesso.
2026-03-13 22:41:11,599 - INFO - Configuração carregada com sucesso.
2026-03-13 22:41:13,931 - INFO - Configuração carregada com sucesso.
2026-03-13 22:41:14,628 - INFO - Configuração carregada com sucesso.
2026-03-13 23:43:16,727 - INFO - Configuração carregada com sucesso.
2026-03-13 23:43:32,853 - INFO - Configuração carregada com sucesso.
2026-03-14 08:57:53,321 - INFO - Configuração carregada com sucesso.
2026-03-14 11:48:20,381 - INFO - Configuração carregada com sucesso.
2026-03-14 12:17:18,200 - INFO - Configuração carregada com sucesso.
2026-03-14 12:18:02,861 - INFO - Configuração carregada com sucesso.
2026-03-14 12:19:45,629 - INFO - Configuração carregada com sucesso.
2026-03-14 12:19:46,780 - INFO - Configuração carregada com sucesso.
2026-03-14 12:19:48,087 - INFO - Configuração carregada com sucesso.
2026-03-14 12:20:00,654 - INFO - Configuração carregada com sucesso.
2026-03-14 12:20:04,318 - INFO - Configuração carregada com sucesso.
2026-03-14 12:20:36,610 - INFO - Configuração carregada com sucesso.
2026-03-14 12:20:57,289 - INFO - Configuração carregada com sucesso.
2026-03-14 12:21:12,725 - INFO - Configuração carregada com sucesso.
2026-03-14 12:29:58,353 - INFO - Configuração carregada com sucesso.
2026-03-14 12:30:23,281 - INFO - Configuração carregada com sucesso.
2026-03-14 12:30:44,605 - INFO - Configuração carregada com sucesso.
2026-03-14 12:31:09,725 - INFO - Configuração carregada com sucesso.
2026-03-14 12:31:30,342 - INFO - Configuração carregada com sucesso.
2026-03-14 12:31:57,560 - INFO - Configuração carregada com sucesso.
2026-03-14 12:33:07,033 - INFO - Configuração carregada com sucesso.
2026-03-14 12:35:04,332 - INFO - Configuração carregada com sucesso.
2026-03-14 12:44:32,304 - INFO - Configuração carregada com sucesso.
2026-03-14 12:46:14,910 - INFO - Configuração carregada com sucesso.
2026-03-14 12:46:33,122 - INFO - Configuração carregada com sucesso.
2026-03-14 12:46:35,676 - INFO - Configuração carregada com sucesso.
2026-03-14 12:47:21,248 - INFO - Configuração carregada com sucesso.
2026-03-14 12:49:03,557 - INFO - Configuração carregada com sucesso.
2026-03-14 12:54:54,279 - INFO - Configuração carregada com sucesso.
2026-03-14 12:54:58,952 - INFO - Configuração carregada com sucesso.
2026-03-14 12:55:02,377 - INFO - Configuração carregada com sucesso.
2026-03-14 12:55:58,640 - INFO - Configuração carregada com sucesso.
2026-03-14 14:51:24,969 - INFO - Configuração carregada com sucesso.
2026-03-15 01:39:24,712 - INFO - Configuração carregada com sucesso.
2026-03-15 01:44:38,143 - INFO - Configuração carregada com sucesso.
2026-03-15 01:48:26,110 - INFO - Configuração carregada com sucesso.
2026-03-15 01:53:11,504 - INFO - Configuração carregada com sucesso.
2026-03-15 01:54:16,725 - INFO - Configuração carregada com sucesso.
2026-03-15 01:54:48,715 - INFO - Configuração carregada com sucesso.
2026-03-15 01:55:16,285 - INFO - Configuração carregada com sucesso.
2026-03-15 01:56:17,096 - INFO - Configuração carregada com sucesso.
2026-03-15 01:57:52,359 - INFO - Configuração carregada com sucesso.
2026-03-15 01:58:30,292 - INFO - Configuração carregada com sucesso.
2026-03-15 01:59:11,755 - INFO - Configuração carregada com sucesso.
2026-03-15 01:59:48,514 - INFO - Configuração carregada com sucesso.
2026-03-15 02:01:38,115 - INFO - Configuração carregada com sucesso.
2026-03-15 02:04:03,810 - INFO - Configuração carregada com sucesso.
2026-03-15 02:04:46,723 - INFO - Configuração carregada com sucesso.
2026-03-15 02:05:16,616 - INFO - Configuração carregada com sucesso.
2026-03-15 02:05:17,865 - INFO - Configuração carregada com sucesso.
2026-03-15 02:07:21,644 - INFO - Configuração carregada com sucesso.
2026-03-15 02:08:00,325 - INFO - Configuração carregada com sucesso.
2026-03-15 02:09:00,428 - INFO - Configuração carregada com sucesso.
2026-03-15 02:10:03,098 - INFO - Configuração carregada com sucesso.
2026-03-15 02:11:12,396 - INFO - Configuração carregada com sucesso.
2026-03-15 02:14:24,209 - INFO - Configuração carregada com sucesso.
2026-03-15 02:18:58,615 - INFO - Configuração carregada com sucesso.
2026-03-15 10:15:09,058 - INFO - Configuração carregada com sucesso.
2026-03-15 14:35:29,436 - INFO - Configuração carregada com sucesso.
2026-03-15 14:35:48,949 - INFO - Configuração carregada com sucesso.
2026-03-15 14:36:10,585 - INFO - Configuração carregada com sucesso.
2026-03-15 14:36:15,768 - INFO - Configuração carregada com sucesso.
2026-03-15 14:37:18,036 - INFO - Configuração carregada com sucesso.
2026-03-15 14:40:28,520 - INFO - Configuração carregada com sucesso.
2026-03-15 14:41:28,209 - INFO - Configuração carregada com sucesso.
2026-03-15 14:41:29,942 - INFO - Configuração carregada com sucesso.
2026-03-15 14:42:04,353 - INFO - Configuração carregada com sucesso.
2026-03-15 14:42:25,342 - INFO - Configuração carregada com sucesso.
2026-03-15 14:47:46,476 - INFO - Configuração carregada com sucesso.
2026-03-15 14:49:17,477 - INFO - Configuração carregada com sucesso.
2026-03-15 14:50:01,980 - INFO - Configuração carregada com sucesso.
2026-03-15 14:50:46,949 - INFO - Configuração carregada com sucesso.
2026-03-15 18:22:20,801 - INFO - Configuração carregada com sucesso.
2026-03-15 18:23:12,166 - INFO - Configuração carregada com sucesso.
2026-03-15 18:23:49,298 - INFO - Configuração carregada com sucesso.
2026-03-15 18:24:28,717 - INFO - Configuração carregada com sucesso.
2026-03-15 18:24:42,804 - INFO - Configuração carregada com sucesso.
2026-03-15 18:26:38,721 - INFO - Configuração carregada com sucesso.
2026-03-15 18:26:59,309 - INFO - Configuração carregada com sucesso.
2026-03-15 18:27:15,863 - INFO - Configuração carregada com sucesso.
2026-03-15 18:27:20,526 - INFO - Configuração carregada com sucesso.
2026-03-15 18:29:43,688 - INFO - Configuração carregada com sucesso.
2026-03-15 18:30:23,278 - INFO - Configuração carregada com sucesso.
2026-03-15 18:36:52,469 - INFO - Configuração carregada com sucesso.
2026-03-15 18:37:08,854 - INFO - Configuração carregada com sucesso.
2026-03-15 18:38:25,049 - INFO - Configuração carregada com sucesso.
2026-03-15 18:38:51,354 - INFO - Configuração carregada com sucesso.
2026-03-15 18:39:58,635 - INFO - Configuração carregada com sucesso.
2026-03-15 18:40:25,732 - INFO - Configuração carregada com sucesso.
2026-03-15 18:41:48,561 - INFO - Configuração carregada com sucesso.
2026-03-15 18:42:25,599 - INFO - Configuração carregada com sucesso.
2026-03-15 18:45:32,668 - INFO - Configuração carregada com sucesso.
2026-03-15 18:46:24,144 - INFO - Configuração carregada com sucesso.
2026-03-15 18:47:02,831 - INFO - Configuração carregada com sucesso.
2026-03-15 18:48:18,946 - INFO - Configuração carregada com sucesso.
2026-03-15 18:56:10,355 - INFO - Configuração carregada com sucesso.
2026-03-15 18:57:00,636 - INFO - Configuração carregada com sucesso.
2026-03-15 18:57:26,332 - INFO - Configuração carregada com sucesso.
2026-03-15 18:59:32,465 - INFO - Configuração carregada com sucesso.
2026-03-15 18:59:35,249 - INFO - Configuração carregada com sucesso.
2026-03-15 19:00:10,616 - INFO - Configuração carregada com sucesso.
2026-03-15 19:00:31,419 - INFO - Configuração carregada com sucesso.
2026-03-15 19:19:53,367 - INFO - Configuração carregada com sucesso.
2026-03-15 19:20:21,593 - INFO - Configuração carregada com sucesso.
2026-03-15 19:20:30,176 - INFO - Configuração carregada com sucesso.
